Flutter crash report.
Please report a bug at https://github.com/flutter/flutter/issues.

## command

flutter --quiet assemble --no-version-check --depfile E:\Front_end_Cap1\furnitureapp\build\app\intermediates\flutter\debug/flutter_build.d --output E:\Front_end_Cap1\furnitureapp\build\app\intermediates\flutter\debug -dTargetFile=E:\Front_end_Cap1\furnitureapp\lib\main.dart -dTargetPlatform=android -dBuildMode=debug -dTrackWidgetCreation=true -dFlavor= -dAndroidArchs=android-arm -dMinSdkVersion=24 debug_android_application

## exception

PathAccessException: PathAccessException: Cannot delete file, path = 'E:\Front_end_Cap1\furnitureapp\build\app\intermediates\flutter\debug\flutter_assets\isolate_snapshot_data' (OS Error: The process cannot access the file because it is being used by another process.
, errno = 32)

```
#0      _File.throwIfError (dart:io/file_impl.dart:675:7)
#1      _File._deleteSync (dart:io/file_impl.dart:329:5)
#2      FileSystemEntity.deleteSync (dart:io/file_system_entity.dart:407:7)
#3      ForwardingFileSystemEntity.deleteSync (package:file/src/forwarding/forwarding_file_system_entity.dart:70:16)
#4      ForwardingFileSystemEntity.deleteSync (package:file/src/forwarding/forwarding_file_system_entity.dart:70:16)
#5      ErrorHandlingFileSystem.deleteIfExists (package:flutter_tools/src/base/error_handling_io.dart:84:14)
#6      FlutterBuildSystem.trackSharedBuildDirectory (package:flutter_tools/src/build_system/build_system.dart:778:33)
#7      FlutterBuildSystem.build (package:flutter_tools/src/build_system/build_system.dart:659:5)
<asynchronous suspension>
#8      AssembleCommand.runCommand (package:flutter_tools/src/commands/assemble.dart:328:32)
<asynchronous suspension>
#9      FlutterCommand.run.<anonymous closure> (package:flutter_tools/src/runner/flutter_command.dart:1408:27)
<asynchronous suspension>
#10     AppContext.run.<anonymous closure> (package:flutter_tools/src/base/context.dart:153:19)
<asynchronous suspension>
#11     CommandRunner.runCommand (package:args/command_runner.dart:212:13)
<asynchronous suspension>
#12     FlutterCommandRunner.runCommand.<anonymous closure> (package:flutter_tools/src/runner/flutter_command_runner.dart:420:9)
<asynchronous suspension>
#13     AppContext.run.<anonymous closure> (package:flutter_tools/src/base/context.dart:153:19)
<asynchronous suspension>
#14     FlutterCommandRunner.runCommand (package:flutter_tools/src/runner/flutter_command_runner.dart:364:5)
<asynchronous suspension>
#15     run.<anonymous closure>.<anonymous closure> (package:flutter_tools/runner.dart:130:9)
<asynchronous suspension>
#16     AppContext.run.<anonymous closure> (package:flutter_tools/src/base/context.dart:153:19)
<asynchronous suspension>
#17     main (package:flutter_tools/executable.dart:93:3)
<asynchronous suspension>
```

## flutter doctor

```
[✓] Flutter (Channel stable, 3.24.3, on Microsoft Windows [Version 10.0.19045.5131], locale en-US)
    • Flutter version 3.24.3 on channel stable at C:\Users\Precison\flutter
    • Upstream repository https://github.com/flutter/flutter.git
    • Framework revision 2663184aa7 (3 months ago), 2024-09-11 16:27:48 -0500
    • Engine revision 36335019a8
    • Dart version 3.5.3
    • DevTools version 2.37.3

[✓] Windows Version (Installed version of Windows is version 10 or higher)

[✓] Android toolchain - develop for Android devices (Android SDK version 35.0.0)
    • Android SDK at C:\Users\Precison\AppData\Local\Android\sdk
    • Platform android-35, build-tools 35.0.0
    • Java binary at: E:\Android studio\jbr\bin\java
    • Java version OpenJDK Runtime Environment (build 17.0.11+0--11852314)
    • All Android licenses accepted.

[✓] Chrome - develop for the web
    • Chrome at C:\Program Files\Google\Chrome\Application\chrome.exe

[!] Visual Studio - develop Windows apps (Visual Studio Community 2022 17.12.0)
    • Visual Studio at C:\Program Files\Microsoft Visual Studio\2022\Community
    • Visual Studio Community 2022 version 17.12.35506.116
    ✗ Visual Studio is missing necessary components. Please re-run the Visual Studio installer for the "Desktop development with C++" workload, and include these components:
        MSVC v142 - VS 2019 C++ x64/x86 build tools
         - If there are multiple build tool versions available, install the latest
        C++ CMake tools for Windows
        Windows 10 SDK

[✓] Android Studio (version 2024.1)
    • Android Studio at E:\Android studio
    • Flutter plugin can be installed from:
      🔨 https://plugins.jetbrains.com/plugin/9212-flutter
    • Dart plugin can be installed from:
      🔨 https://plugins.jetbrains.com/plugin/6351-dart
    • Java version OpenJDK Runtime Environment (build 17.0.11+0--11852314)

[✓] VS Code (version 1.95.3)
    • VS Code at C:\Users\Precison\AppData\Local\Programs\Microsoft VS Code
    • Flutter extension version 3.100.0

[✓] Connected device (4 available)
    • SM A135F (mobile) • R58TA19Y9AB • android-arm    • Android 14 (API 34)
    • Windows (desktop) • windows     • windows-x64    • Microsoft Windows [Version 10.0.19045.5131]
    • Chrome (web)      • chrome      • web-javascript • Google Chrome 131.0.6778.86
    • Edge (web)        • edge        • web-javascript • Microsoft Edge 131.0.2903.70

[✓] Network resources
    • All expected network resources are available.

! Doctor found issues in 1 category.
```
