2024-10-05T13:47:04.714Z P:19012 T:19324] SyncServiceImpl::Initialize,SyncState after authenticated was: FeatureNotRequestedNotSetup
2024-10-05T13:47:04.714Z P:19012 T:19324] SyncServiceImpl::ResetEngine,Reset engine with reason: 3
2024-10-05T13:47:04.714Z P:19012 T:19324] ModelLoadManager::Stop,Stopped: Bookmarks
2024-10-05T13:47:04.714Z P:19012 T:19324] ModelLoadManager::Stop,Stopped: Preferences
2024-10-05T13:47:04.714Z P:19012 T:19324] ModelLoadManager::Stop,Stopped: Passwords
2024-10-05T13:47:04.714Z P:19012 T:19324] ModelLoadManager::Stop,Stopped: Autofill Profiles
2024-10-05T13:47:04.714Z P:19012 T:19324] ModelLoadManager::Stop,Stopped: Autofill
2024-10-05T13:47:04.714Z P:19012 T:19324] ModelLoadManager::Stop,Stopped: Typed URLs
2024-10-05T13:47:04.714Z P:19012 T:19324] ModelLoadManager::Stop,Stopped: Extensions
2024-10-05T13:47:04.714Z P:19012 T:19324] ModelLoadManager::Stop,Stopped: Sessions
2024-10-05T13:47:04.714Z P:19012 T:19324] ModelLoadManager::Stop,Stopped: Extension settings
2024-10-05T13:47:04.714Z P:19012 T:19324] ModelLoadManager::Stop,Stopped: History Delete Directives
2024-10-05T13:47:04.714Z P:19012 T:19324] ModelLoadManager::Stop,Stopped: Device Info
2024-10-05T13:47:04.714Z P:19012 T:19324] ModelLoadManager::Stop,Stopped: User Consents
2024-10-05T13:47:04.714Z P:19012 T:19324] ModelLoadManager::Stop,Stopped: Send Tab To Self
2024-10-05T13:47:04.714Z P:19012 T:19324] ModelLoadManager::Stop,Stopped: Web Apps
2024-10-05T13:47:04.714Z P:19012 T:19324] ModelLoadManager::Stop,Stopped: History
2024-10-05T13:47:04.714Z P:19012 T:19324] ModelLoadManager::Stop,Stopped: Collection
2024-10-05T13:47:04.714Z P:19012 T:19324] ModelLoadManager::Stop,Stopped: Edge E Drop
2024-10-05T13:47:04.714Z P:19012 T:19324] ModelLoadManager::Stop,Stopped: Edge Hub App Usage
2024-10-05T13:47:04.714Z P:19012 T:19324] ModelLoadManager::Stop,Stopped: Edge Tab Group
2024-10-05T13:47:04.714Z P:19012 T:19324] ModelLoadManager::Stop,Stopped: Edge Wallet
2024-10-05T13:47:05.094Z P:19012 T:19324] SyncServiceImpl::TryStartImpl,Try to start sync engine
2024-10-05T13:47:05.096Z P:19012 T:16468] SyncManagerImpl::NudgeForInitialDownload,Initial download nudge for Encryption Keys
2024-10-05T13:47:05.096Z P:19012 T:16468] SyncEngineBackend::LoadAndConnectNigoriController,Load and connect Nigori controller
2024-10-05T13:47:05.096Z P:19012 T:16468] SyncEngineBackend::DoInitialize,Control Types added: Encryption Keys
2024-10-05T13:47:05.096Z P:19012 T:16468] SyncManagerImpl::ConfigureSyncer,Types to download: Encryption Keys with reason: 3
2024-10-05T13:47:05.096Z P:19012 T:16468] SyncSchedulerImpl::DoConfigurationSyncCycleJob,Configure job was blocked
2024-10-05T13:47:05.685Z P:19012 T:19324] SyncServiceImpl::ResetEngine,Reset engine with reason: 8
2024-10-05T13:47:05.685Z P:19012 T:19324] ModelLoadManager::Stop,Stopped: Bookmarks
2024-10-05T13:47:05.685Z P:19012 T:19324] ModelLoadManager::Stop,Stopped: Preferences
2024-10-05T13:47:05.685Z P:19012 T:19324] ModelLoadManager::Stop,Stopped: Passwords
2024-10-05T13:47:05.685Z P:19012 T:19324] ModelLoadManager::Stop,Stopped: Autofill Profiles
2024-10-05T13:47:05.685Z P:19012 T:19324] ModelLoadManager::Stop,Stopped: Autofill
2024-10-05T13:47:05.685Z P:19012 T:19324] ModelLoadManager::Stop,Stopped: Typed URLs
2024-10-05T13:47:05.685Z P:19012 T:19324] ModelLoadManager::Stop,Stopped: Extensions
2024-10-05T13:47:05.685Z P:19012 T:19324] ModelLoadManager::Stop,Stopped: Sessions
2024-10-05T13:47:05.685Z P:19012 T:19324] ModelLoadManager::Stop,Stopped: Extension settings
2024-10-05T13:47:05.685Z P:19012 T:19324] ModelLoadManager::Stop,Stopped: History Delete Directives
2024-10-05T13:47:05.685Z P:19012 T:19324] ModelLoadManager::Stop,Stopped: Device Info
2024-10-05T13:47:05.685Z P:19012 T:19324] ModelLoadManager::Stop,Stopped: User Consents
2024-10-05T13:47:05.685Z P:19012 T:19324] ModelLoadManager::Stop,Stopped: Send Tab To Self
2024-10-05T13:47:05.685Z P:19012 T:19324] ModelLoadManager::Stop,Stopped: Web Apps
2024-10-05T13:47:05.685Z P:19012 T:19324] ModelLoadManager::Stop,Stopped: History
2024-10-05T13:47:05.685Z P:19012 T:19324] ModelLoadManager::Stop,Stopped: Collection
2024-10-05T13:47:05.685Z P:19012 T:19324] ModelLoadManager::Stop,Stopped: Edge E Drop
2024-10-05T13:47:05.685Z P:19012 T:19324] ModelLoadManager::Stop,Stopped: Edge Hub App Usage
2024-10-05T13:47:05.685Z P:19012 T:19324] ModelLoadManager::Stop,Stopped: Edge Tab Group
2024-10-05T13:47:05.685Z P:19012 T:19324] ModelLoadManager::Stop,Stopped: Edge Wallet
2024-10-05T13:47:05.685Z P:19012 T:19324] SyncServiceImpl::ResetEngine,Reset engine with reason: 8
2024-10-05T13:47:05.687Z P:19012 T:19324] SyncAuthManager::SetLastAuthError,Current auth error: None
2024-10-05T13:47:05.687Z P:19012 T:19324] SyncAuthManager::SetLastAuthError,Current auth error: None
2024-10-05T13:47:11.690Z P:19012 T:19324] SyncServiceImpl::ResetEngine,Reset engine with reason: 8
2024-10-05T13:47:11.690Z P:19012 T:19324] ModelLoadManager::Stop,Stopped: Bookmarks
2024-10-05T13:47:11.690Z P:19012 T:19324] ModelLoadManager::Stop,Stopped: Preferences
2024-10-05T13:47:11.690Z P:19012 T:19324] ModelLoadManager::Stop,Stopped: Passwords
2024-10-05T13:47:11.690Z P:19012 T:19324] ModelLoadManager::Stop,Stopped: Autofill Profiles
2024-10-05T13:47:11.690Z P:19012 T:19324] ModelLoadManager::Stop,Stopped: Autofill
2024-10-05T13:47:11.690Z P:19012 T:19324] ModelLoadManager::Stop,Stopped: Typed URLs
2024-10-05T13:47:11.690Z P:19012 T:19324] ModelLoadManager::Stop,Stopped: Extensions
2024-10-05T13:47:11.690Z P:19012 T:19324] ModelLoadManager::Stop,Stopped: Sessions
2024-10-05T13:47:11.690Z P:19012 T:19324] ModelLoadManager::Stop,Stopped: Extension settings
2024-10-05T13:47:11.690Z P:19012 T:19324] ModelLoadManager::Stop,Stopped: History Delete Directives
2024-10-05T13:47:11.690Z P:19012 T:19324] ModelLoadManager::Stop,Stopped: Device Info
2024-10-05T13:47:11.690Z P:19012 T:19324] ModelLoadManager::Stop,Stopped: User Consents
2024-10-05T13:47:11.690Z P:19012 T:19324] ModelLoadManager::Stop,Stopped: Send Tab To Self
2024-10-05T13:47:11.690Z P:19012 T:19324] ModelLoadManager::Stop,Stopped: Web Apps
2024-10-05T13:47:11.690Z P:19012 T:19324] ModelLoadManager::Stop,Stopped: History
2024-10-05T13:47:11.690Z P:19012 T:19324] ModelLoadManager::Stop,Stopped: Collection
2024-10-05T13:47:11.690Z P:19012 T:19324] ModelLoadManager::Stop,Stopped: Edge E Drop
2024-10-05T13:47:11.690Z P:19012 T:19324] ModelLoadManager::Stop,Stopped: Edge Hub App Usage
2024-10-05T13:47:11.690Z P:19012 T:19324] ModelLoadManager::Stop,Stopped: Edge Tab Group
2024-10-05T13:47:11.690Z P:19012 T:19324] ModelLoadManager::Stop,Stopped: Edge Wallet
2024-10-05T13:47:11.691Z P:19012 T:19324] SyncAuthManager::SetLastAuthError,Current auth error: None
2024-10-05T13:47:11.691Z P:19012 T:19324] SyncAuthManager::SetLastAuthError,Current auth error: None
2024-10-05T13:47:11.708Z P:19012 T:19324] SyncServiceImpl::TryStartImpl,Try to start sync engine
2024-10-05T13:47:11.709Z P:19012 T:16468] SyncManagerImpl::NudgeForInitialDownload,Initial download nudge for Encryption Keys
2024-10-05T13:47:11.709Z P:19012 T:16468] SyncEngineBackend::LoadAndConnectNigoriController,Load and connect Nigori controller
2024-10-05T13:47:11.709Z P:19012 T:16468] SyncEngineBackend::DoInitialize,Control Types added: Encryption Keys
2024-10-05T13:47:11.709Z P:19012 T:16468] SyncManagerImpl::ConfigureSyncer,Types to download: Encryption Keys with reason: 3
2024-10-05T13:47:11.709Z P:19012 T:16468] SyncSchedulerImpl::DoConfigurationSyncCycleJob,Configure job was blocked
2024-10-05T13:47:12.032Z P:19012 T:19324] SyncAuthManager::SetLastAuthError,Current auth error: PERSISTENT_ERROR, EDGE_AUTH_ERROR: 3, 13, 80860009
2024-10-05T13:47:12.032Z P:19012 T:19324] SyncServiceImpl::CredentialsChanged,Credentials changed for: EdgeSyncScopeNew
2024-10-05T13:47:12.032Z P:19012 T:19324] SyncServiceImpl::ResetEngine,Reset engine with reason: 6
2024-10-05T13:47:12.032Z P:19012 T:19324] ModelLoadManager::Stop,Stopped: Bookmarks
2024-10-05T13:47:12.032Z P:19012 T:19324] ModelLoadManager::Stop,Stopped: Preferences
2024-10-05T13:47:12.032Z P:19012 T:19324] ModelLoadManager::Stop,Stopped: Passwords
2024-10-05T13:47:12.032Z P:19012 T:19324] ModelLoadManager::Stop,Stopped: Autofill Profiles
2024-10-05T13:47:12.032Z P:19012 T:19324] ModelLoadManager::Stop,Stopped: Autofill
2024-10-05T13:47:12.032Z P:19012 T:19324] ModelLoadManager::Stop,Stopped: Typed URLs
2024-10-05T13:47:12.032Z P:19012 T:19324] ModelLoadManager::Stop,Stopped: Extensions
2024-10-05T13:47:12.032Z P:19012 T:19324] ModelLoadManager::Stop,Stopped: Sessions
2024-10-05T13:47:12.032Z P:19012 T:19324] ModelLoadManager::Stop,Stopped: Extension settings
2024-10-05T13:47:12.032Z P:19012 T:19324] ModelLoadManager::Stop,Stopped: History Delete Directives
2024-10-05T13:47:12.032Z P:19012 T:19324] ModelLoadManager::Stop,Stopped: Device Info
2024-10-05T13:47:12.032Z P:19012 T:19324] ModelLoadManager::Stop,Stopped: User Consents
2024-10-05T13:47:12.032Z P:19012 T:19324] ModelLoadManager::Stop,Stopped: Send Tab To Self
2024-10-05T13:47:12.032Z P:19012 T:19324] ModelLoadManager::Stop,Stopped: Web Apps
2024-10-05T13:47:12.032Z P:19012 T:19324] ModelLoadManager::Stop,Stopped: History
2024-10-05T13:47:12.032Z P:19012 T:19324] ModelLoadManager::Stop,Stopped: Collection
2024-10-05T13:47:12.032Z P:19012 T:19324] ModelLoadManager::Stop,Stopped: Edge E Drop
2024-10-05T13:47:12.032Z P:19012 T:19324] ModelLoadManager::Stop,Stopped: Edge Hub App Usage
2024-10-05T13:47:12.032Z P:19012 T:19324] ModelLoadManager::Stop,Stopped: Edge Tab Group
2024-10-05T13:47:12.032Z P:19012 T:19324] ModelLoadManager::Stop,Stopped: Edge Wallet
2024-10-05T13:47:12.032Z P:19012 T:19324] SyncServiceImpl::ResetEngine,Reset engine with reason: 6
2024-10-05T13:47:12.034Z P:19012 T:19324] SyncAuthManager::SetLastAuthError,Current auth error: PERSISTENT_ERROR, EDGE_AUTH_ERROR: 3, 13, 80860009
2024-10-05T13:47:12.034Z P:19012 T:19324] SyncServiceImpl::CredentialsChangedForKeyData,Credentials changed for: EdgeSyncKeyDataScope
2024-10-05T13:49:49.588Z P:19012 T:19324] SyncServiceImpl::ResetEngine,Reset engine with reason: 0
2024-10-06T07:34:19.609Z P:4512 T:6952] SyncServiceImpl::Initialize,SyncState after authenticated was: FeatureNotRequestedNotSetup
2024-10-06T07:34:20.675Z P:4512 T:6952] SyncServiceImpl::TryStartImpl,Try to start sync engine
2024-10-06T07:34:20.679Z P:4512 T:6712] SyncManagerImpl::NudgeForInitialDownload,Initial download nudge for Encryption Keys
2024-10-06T07:34:20.679Z P:4512 T:6712] SyncEngineBackend::LoadAndConnectNigoriController,Load and connect Nigori controller
2024-10-06T07:34:20.679Z P:4512 T:6712] SyncEngineBackend::DoInitialize,Control Types added: Encryption Keys
2024-10-06T07:34:20.679Z P:4512 T:6712] SyncManagerImpl::ConfigureSyncer,Types to download: Encryption Keys with reason: 3
2024-10-06T07:34:20.679Z P:4512 T:6712] SyncSchedulerImpl::DoConfigurationSyncCycleJob,Configure job was blocked
2024-10-06T07:34:23.505Z P:4512 T:6952] SyncAuthManager::SetLastAuthError,Current auth error: None
2024-10-06T07:34:23.505Z P:4512 T:6952] SyncAuthManager::EdgeLogTokenErrorState,Token error with: None for account type: MSA
2024-10-06T07:34:23.505Z P:4512 T:6952] SyncServiceImpl::CredentialsChangedForKeyData,Credentials changed for: EdgeSyncKeyDataScope
2024-10-06T07:34:23.507Z P:4512 T:9076] SyncEngineBackend::DoUpdateKeyDataCredentials,Update key data credentials
2024-10-06T07:34:23.511Z P:4512 T:6952] SyncAuthManager::SetLastAuthError,Current auth error: PERSISTENT_ERROR, EDGE_AUTH_ERROR: 3, 13, 80860009
2024-10-06T07:34:23.511Z P:4512 T:6952] SyncServiceImpl::CredentialsChanged,Credentials changed for: EdgeSyncScopeNew
2024-10-06T07:34:23.511Z P:4512 T:6952] SyncServiceImpl::ResetEngine,Reset engine with reason: 6
2024-10-06T07:34:23.511Z P:4512 T:6952] ModelLoadManager::Stop,Stopped: Bookmarks
2024-10-06T07:34:23.511Z P:4512 T:6952] ModelLoadManager::Stop,Stopped: Preferences
2024-10-06T07:34:23.511Z P:4512 T:6952] ModelLoadManager::Stop,Stopped: Passwords
2024-10-06T07:34:23.511Z P:4512 T:6952] ModelLoadManager::Stop,Stopped: Autofill Profiles
2024-10-06T07:34:23.511Z P:4512 T:6952] ModelLoadManager::Stop,Stopped: Autofill
2024-10-06T07:34:23.511Z P:4512 T:6952] ModelLoadManager::Stop,Stopped: Typed URLs
2024-10-06T07:34:23.511Z P:4512 T:6952] ModelLoadManager::Stop,Stopped: Extensions
2024-10-06T07:34:23.511Z P:4512 T:6952] ModelLoadManager::Stop,Stopped: Sessions
2024-10-06T07:34:23.511Z P:4512 T:6952] ModelLoadManager::Stop,Stopped: Extension settings
2024-10-06T07:34:23.511Z P:4512 T:6952] ModelLoadManager::Stop,Stopped: History Delete Directives
2024-10-06T07:34:23.511Z P:4512 T:6952] ModelLoadManager::Stop,Stopped: Device Info
2024-10-06T07:34:23.511Z P:4512 T:6952] ModelLoadManager::Stop,Stopped: User Consents
2024-10-06T07:34:23.511Z P:4512 T:6952] ModelLoadManager::Stop,Stopped: Send Tab To Self
2024-10-06T07:34:23.511Z P:4512 T:6952] ModelLoadManager::Stop,Stopped: Web Apps
2024-10-06T07:34:23.511Z P:4512 T:6952] ModelLoadManager::Stop,Stopped: History
2024-10-06T07:34:23.511Z P:4512 T:6952] ModelLoadManager::Stop,Stopped: Collection
2024-10-06T07:34:23.511Z P:4512 T:6952] ModelLoadManager::Stop,Stopped: Edge E Drop
2024-10-06T07:34:23.511Z P:4512 T:6952] ModelLoadManager::Stop,Stopped: Edge Hub App Usage
2024-10-06T07:34:23.511Z P:4512 T:6952] ModelLoadManager::Stop,Stopped: Edge Tab Group
2024-10-06T07:34:23.511Z P:4512 T:6952] ModelLoadManager::Stop,Stopped: Edge Wallet
2024-10-06T07:34:23.511Z P:4512 T:6952] SyncServiceImpl::ResetEngine,Reset engine with reason: 6
2024-10-06T07:34:23.514Z P:4512 T:6952] SyncAuthManager::SetLastAuthError,Current auth error: PERSISTENT_ERROR, EDGE_AUTH_ERROR: 3, 13, 80860009
2024-10-06T07:34:23.514Z P:4512 T:6952] SyncServiceImpl::CredentialsChangedForKeyData,Credentials changed for: EdgeSyncKeyDataScope
2024-10-06T07:47:32.157Z P:4512 T:6952] SyncServiceImpl::ResetEngine,Reset engine with reason: 0
2024-10-06T07:48:29.928Z P:10588 T:8404] SyncServiceImpl::Initialize,SyncState after authenticated was: FeatureNotRequestedNotSetup
2024-10-06T07:48:30.541Z P:10588 T:8404] SyncServiceImpl::TryStartImpl,Try to start sync engine
2024-10-06T07:48:30.543Z P:10588 T:9764] SyncManagerImpl::NudgeForInitialDownload,Initial download nudge for Encryption Keys
2024-10-06T07:48:30.543Z P:10588 T:9764] SyncEngineBackend::LoadAndConnectNigoriController,Load and connect Nigori controller
2024-10-06T07:48:30.543Z P:10588 T:9764] SyncEngineBackend::DoInitialize,Control Types added: Encryption Keys
2024-10-06T07:48:30.543Z P:10588 T:9764] SyncManagerImpl::ConfigureSyncer,Types to download: Encryption Keys with reason: 3
2024-10-06T07:48:30.543Z P:10588 T:9764] SyncSchedulerImpl::DoConfigurationSyncCycleJob,Configure job was blocked
2024-10-06T07:48:30.865Z P:10588 T:8404] SyncAuthManager::SetLastAuthError,Current auth error: PERSISTENT_ERROR, EDGE_AUTH_ERROR: 3, 13, 80860009
2024-10-06T07:48:30.866Z P:10588 T:8404] SyncServiceImpl::CredentialsChanged,Credentials changed for: EdgeSyncScopeNew
2024-10-06T07:48:30.866Z P:10588 T:8404] SyncServiceImpl::ResetEngine,Reset engine with reason: 6
2024-10-06T07:48:30.866Z P:10588 T:8404] ModelLoadManager::Stop,Stopped: Bookmarks
2024-10-06T07:48:30.866Z P:10588 T:8404] ModelLoadManager::Stop,Stopped: Preferences
2024-10-06T07:48:30.866Z P:10588 T:8404] ModelLoadManager::Stop,Stopped: Passwords
2024-10-06T07:48:30.866Z P:10588 T:8404] ModelLoadManager::Stop,Stopped: Autofill Profiles
2024-10-06T07:48:30.866Z P:10588 T:8404] ModelLoadManager::Stop,Stopped: Autofill
2024-10-06T07:48:30.866Z P:10588 T:8404] ModelLoadManager::Stop,Stopped: Typed URLs
2024-10-06T07:48:30.866Z P:10588 T:8404] ModelLoadManager::Stop,Stopped: Extensions
2024-10-06T07:48:30.866Z P:10588 T:8404] ModelLoadManager::Stop,Stopped: Sessions
2024-10-06T07:48:30.866Z P:10588 T:8404] ModelLoadManager::Stop,Stopped: Extension settings
2024-10-06T07:48:30.866Z P:10588 T:8404] ModelLoadManager::Stop,Stopped: History Delete Directives
2024-10-06T07:48:30.866Z P:10588 T:8404] ModelLoadManager::Stop,Stopped: Device Info
2024-10-06T07:48:30.866Z P:10588 T:8404] ModelLoadManager::Stop,Stopped: User Consents
2024-10-06T07:48:30.866Z P:10588 T:8404] ModelLoadManager::Stop,Stopped: Send Tab To Self
2024-10-06T07:48:30.866Z P:10588 T:8404] ModelLoadManager::Stop,Stopped: Web Apps
2024-10-06T07:48:30.866Z P:10588 T:8404] ModelLoadManager::Stop,Stopped: History
2024-10-06T07:48:30.866Z P:10588 T:8404] ModelLoadManager::Stop,Stopped: Collection
2024-10-06T07:48:30.866Z P:10588 T:8404] ModelLoadManager::Stop,Stopped: Edge E Drop
2024-10-06T07:48:30.866Z P:10588 T:8404] ModelLoadManager::Stop,Stopped: Edge Hub App Usage
2024-10-06T07:48:30.866Z P:10588 T:8404] ModelLoadManager::Stop,Stopped: Edge Tab Group
2024-10-06T07:48:30.866Z P:10588 T:8404] ModelLoadManager::Stop,Stopped: Edge Wallet
2024-10-06T07:48:30.866Z P:10588 T:8404] SyncServiceImpl::ResetEngine,Reset engine with reason: 6
2024-10-06T07:48:30.869Z P:10588 T:8404] SyncAuthManager::SetLastAuthError,Current auth error: PERSISTENT_ERROR, EDGE_AUTH_ERROR: 3, 13, 80860009
2024-10-06T07:48:30.869Z P:10588 T:8404] SyncServiceImpl::CredentialsChangedForKeyData,Credentials changed for: EdgeSyncKeyDataScope
2024-10-06T08:18:31.700Z P:10588 T:8404] SyncAuthManager::SetLastAuthError,Current auth error: None
2024-10-06T08:18:31.700Z P:10588 T:8404] SyncServiceImpl::CredentialsChanged,Credentials changed for: EdgeSyncScopeNew
2024-10-06T08:18:31.704Z P:10588 T:8404] SyncAuthManager::SetLastAuthError,Current auth error: None
2024-10-06T08:18:31.704Z P:10588 T:8404] SyncServiceImpl::CredentialsChangedForKeyData,Credentials changed for: EdgeSyncKeyDataScope
2024-10-06T08:18:31.706Z P:10588 T:8404] SyncServiceImpl::TryStartImpl,Try to start sync engine
2024-10-06T08:18:31.707Z P:10588 T:18732] SyncManagerImpl::NudgeForInitialDownload,Initial download nudge for Encryption Keys
2024-10-06T08:18:31.707Z P:10588 T:18732] SyncEngineBackend::LoadAndConnectNigoriController,Load and connect Nigori controller
2024-10-06T08:18:31.707Z P:10588 T:18732] SyncEngineBackend::DoInitialize,Control Types added: Encryption Keys
2024-10-06T08:18:31.707Z P:10588 T:18732] SyncManagerImpl::ConfigureSyncer,Types to download: Encryption Keys with reason: 3
2024-10-06T08:18:31.707Z P:10588 T:18732] SyncSchedulerImpl::DoConfigurationSyncCycleJob,Configure job was blocked
2024-10-06T08:18:31.819Z P:10588 T:8404] SyncAuthManager::SetLastAuthError,Current auth error: PERSISTENT_ERROR, EDGE_AUTH_ERROR: 3, 13, 80860009
2024-10-06T08:18:31.819Z P:10588 T:8404] SyncServiceImpl::CredentialsChanged,Credentials changed for: EdgeSyncScopeNew
2024-10-06T08:18:31.819Z P:10588 T:8404] SyncServiceImpl::ResetEngine,Reset engine with reason: 6
2024-10-06T08:18:31.819Z P:10588 T:8404] ModelLoadManager::Stop,Stopped: Bookmarks
2024-10-06T08:18:31.819Z P:10588 T:8404] ModelLoadManager::Stop,Stopped: Preferences
2024-10-06T08:18:31.819Z P:10588 T:8404] ModelLoadManager::Stop,Stopped: Passwords
2024-10-06T08:18:31.819Z P:10588 T:8404] ModelLoadManager::Stop,Stopped: Autofill Profiles
2024-10-06T08:18:31.819Z P:10588 T:8404] ModelLoadManager::Stop,Stopped: Autofill
2024-10-06T08:18:31.819Z P:10588 T:8404] ModelLoadManager::Stop,Stopped: Typed URLs
2024-10-06T08:18:31.819Z P:10588 T:8404] ModelLoadManager::Stop,Stopped: Extensions
2024-10-06T08:18:31.819Z P:10588 T:8404] ModelLoadManager::Stop,Stopped: Sessions
2024-10-06T08:18:31.819Z P:10588 T:8404] ModelLoadManager::Stop,Stopped: Extension settings
2024-10-06T08:18:31.819Z P:10588 T:8404] ModelLoadManager::Stop,Stopped: History Delete Directives
2024-10-06T08:18:31.819Z P:10588 T:8404] ModelLoadManager::Stop,Stopped: Device Info
2024-10-06T08:18:31.819Z P:10588 T:8404] ModelLoadManager::Stop,Stopped: User Consents
2024-10-06T08:18:31.819Z P:10588 T:8404] ModelLoadManager::Stop,Stopped: Send Tab To Self
2024-10-06T08:18:31.819Z P:10588 T:8404] ModelLoadManager::Stop,Stopped: Web Apps
2024-10-06T08:18:31.819Z P:10588 T:8404] ModelLoadManager::Stop,Stopped: History
2024-10-06T08:18:31.819Z P:10588 T:8404] ModelLoadManager::Stop,Stopped: Collection
2024-10-06T08:18:31.819Z P:10588 T:8404] ModelLoadManager::Stop,Stopped: Edge E Drop
2024-10-06T08:18:31.819Z P:10588 T:8404] ModelLoadManager::Stop,Stopped: Edge Hub App Usage
2024-10-06T08:18:31.819Z P:10588 T:8404] ModelLoadManager::Stop,Stopped: Edge Tab Group
2024-10-06T08:18:31.819Z P:10588 T:8404] ModelLoadManager::Stop,Stopped: Edge Wallet
2024-10-06T08:18:31.819Z P:10588 T:8404] SyncServiceImpl::ResetEngine,Reset engine with reason: 6
2024-10-06T08:18:31.820Z P:10588 T:8404] SyncAuthManager::SetLastAuthError,Current auth error: PERSISTENT_ERROR, EDGE_AUTH_ERROR: 3, 13, 80860009
2024-10-06T08:18:31.820Z P:10588 T:8404] SyncServiceImpl::CredentialsChangedForKeyData,Credentials changed for: EdgeSyncKeyDataScope
2024-10-06T08:48:32.886Z P:10588 T:8404] SyncAuthManager::SetLastAuthError,Current auth error: None
2024-10-06T08:48:32.887Z P:10588 T:8404] SyncServiceImpl::CredentialsChanged,Credentials changed for: EdgeSyncScopeNew
2024-10-06T08:48:32.914Z P:10588 T:8404] SyncAuthManager::SetLastAuthError,Current auth error: None
2024-10-06T08:48:32.914Z P:10588 T:8404] SyncServiceImpl::CredentialsChangedForKeyData,Credentials changed for: EdgeSyncKeyDataScope
2024-10-06T08:48:32.919Z P:10588 T:8404] SyncAuthManager::EdgeLogTokenErrorState,Token error with: Request canceled. for account type: MSA
2024-10-06T08:48:32.919Z P:10588 T:8404] SyncServiceImpl::CredentialsChangedForKeyData,Credentials changed for: EdgeSyncKeyDataScope
2024-10-06T08:48:32.920Z P:10588 T:8404] SyncAuthManager::EdgeLogTokenErrorState,Token error with: Request canceled. for account type: MSA
2024-10-06T08:48:32.920Z P:10588 T:8404] SyncServiceImpl::CredentialsChanged,Credentials changed for: EdgeSyncScopeNew
2024-10-06T08:48:32.928Z P:10588 T:8404] SyncServiceImpl::TryStartImpl,Try to start sync engine
2024-10-06T08:48:32.945Z P:10588 T:4000] SyncManagerImpl::NudgeForInitialDownload,Initial download nudge for Encryption Keys
2024-10-06T08:48:32.946Z P:10588 T:4000] SyncEngineBackend::LoadAndConnectNigoriController,Load and connect Nigori controller
2024-10-06T08:48:32.946Z P:10588 T:4000] SyncEngineBackend::DoInitialize,Control Types added: Encryption Keys
2024-10-06T08:48:32.946Z P:10588 T:4000] SyncManagerImpl::ConfigureSyncer,Types to download: Encryption Keys with reason: 3
2024-10-06T08:48:32.947Z P:10588 T:4000] SyncSchedulerImpl::DoConfigurationSyncCycleJob,Configure job was blocked
2024-10-06T08:48:33.016Z P:10588 T:8404] SyncAuthManager::SetLastAuthError,Current auth error: PERSISTENT_ERROR, EDGE_AUTH_ERROR: 3, 13, 80860009
2024-10-06T08:48:33.016Z P:10588 T:8404] SyncServiceImpl::CredentialsChanged,Credentials changed for: EdgeSyncScopeNew
2024-10-06T08:48:33.016Z P:10588 T:8404] SyncServiceImpl::ResetEngine,Reset engine with reason: 6
2024-10-06T08:48:33.016Z P:10588 T:8404] ModelLoadManager::Stop,Stopped: Bookmarks
2024-10-06T08:48:33.016Z P:10588 T:8404] ModelLoadManager::Stop,Stopped: Preferences
2024-10-06T08:48:33.016Z P:10588 T:8404] ModelLoadManager::Stop,Stopped: Passwords
2024-10-06T08:48:33.016Z P:10588 T:8404] ModelLoadManager::Stop,Stopped: Autofill Profiles
2024-10-06T08:48:33.016Z P:10588 T:8404] ModelLoadManager::Stop,Stopped: Autofill
2024-10-06T08:48:33.016Z P:10588 T:8404] ModelLoadManager::Stop,Stopped: Typed URLs
2024-10-06T08:48:33.016Z P:10588 T:8404] ModelLoadManager::Stop,Stopped: Extensions
2024-10-06T08:48:33.016Z P:10588 T:8404] ModelLoadManager::Stop,Stopped: Sessions
2024-10-06T08:48:33.016Z P:10588 T:8404] ModelLoadManager::Stop,Stopped: Extension settings
2024-10-06T08:48:33.016Z P:10588 T:8404] ModelLoadManager::Stop,Stopped: History Delete Directives
2024-10-06T08:48:33.016Z P:10588 T:8404] ModelLoadManager::Stop,Stopped: Device Info
2024-10-06T08:48:33.016Z P:10588 T:8404] ModelLoadManager::Stop,Stopped: User Consents
2024-10-06T08:48:33.016Z P:10588 T:8404] ModelLoadManager::Stop,Stopped: Send Tab To Self
2024-10-06T08:48:33.016Z P:10588 T:8404] ModelLoadManager::Stop,Stopped: Web Apps
2024-10-06T08:48:33.016Z P:10588 T:8404] ModelLoadManager::Stop,Stopped: History
2024-10-06T08:48:33.016Z P:10588 T:8404] ModelLoadManager::Stop,Stopped: Collection
2024-10-06T08:48:33.016Z P:10588 T:8404] ModelLoadManager::Stop,Stopped: Edge E Drop
2024-10-06T08:48:33.016Z P:10588 T:8404] ModelLoadManager::Stop,Stopped: Edge Hub App Usage
2024-10-06T08:48:33.016Z P:10588 T:8404] ModelLoadManager::Stop,Stopped: Edge Tab Group
2024-10-06T08:48:33.016Z P:10588 T:8404] ModelLoadManager::Stop,Stopped: Edge Wallet
2024-10-06T08:48:33.016Z P:10588 T:8404] SyncServiceImpl::ResetEngine,Reset engine with reason: 6
2024-10-06T08:48:33.018Z P:10588 T:8404] SyncAuthManager::SetLastAuthError,Current auth error: PERSISTENT_ERROR, EDGE_AUTH_ERROR: 3, 13, 80860009
2024-10-06T08:48:33.018Z P:10588 T:8404] SyncServiceImpl::CredentialsChangedForKeyData,Credentials changed for: EdgeSyncKeyDataScope
2024-10-06T09:18:34.409Z P:10588 T:8404] SyncAuthManager::SetLastAuthError,Current auth error: None
2024-10-06T09:18:34.410Z P:10588 T:8404] SyncServiceImpl::CredentialsChanged,Credentials changed for: EdgeSyncScopeNew
2024-10-06T09:18:34.437Z P:10588 T:8404] SyncAuthManager::SetLastAuthError,Current auth error: None
2024-10-06T09:18:34.437Z P:10588 T:8404] SyncServiceImpl::CredentialsChangedForKeyData,Credentials changed for: EdgeSyncKeyDataScope
2024-10-06T09:18:34.441Z P:10588 T:8404] SyncAuthManager::EdgeLogTokenErrorState,Token error with: Request canceled. for account type: MSA
2024-10-06T09:18:34.441Z P:10588 T:8404] SyncServiceImpl::CredentialsChangedForKeyData,Credentials changed for: EdgeSyncKeyDataScope
2024-10-06T09:18:34.441Z P:10588 T:8404] SyncAuthManager::EdgeLogTokenErrorState,Token error with: Request canceled. for account type: MSA
2024-10-06T09:18:34.441Z P:10588 T:8404] SyncServiceImpl::CredentialsChanged,Credentials changed for: EdgeSyncScopeNew
2024-10-06T09:18:34.453Z P:10588 T:8404] SyncServiceImpl::TryStartImpl,Try to start sync engine
2024-10-06T09:18:34.472Z P:10588 T:4000] SyncManagerImpl::NudgeForInitialDownload,Initial download nudge for Encryption Keys
2024-10-06T09:18:34.472Z P:10588 T:4000] SyncEngineBackend::LoadAndConnectNigoriController,Load and connect Nigori controller
2024-10-06T09:18:34.473Z P:10588 T:4000] SyncEngineBackend::DoInitialize,Control Types added: Encryption Keys
2024-10-06T09:18:34.473Z P:10588 T:4000] SyncManagerImpl::ConfigureSyncer,Types to download: Encryption Keys with reason: 3
2024-10-06T09:18:34.474Z P:10588 T:4000] SyncSchedulerImpl::DoConfigurationSyncCycleJob,Configure job was blocked
2024-10-06T09:18:34.559Z P:10588 T:8404] SyncAuthManager::SetLastAuthError,Current auth error: PERSISTENT_ERROR, EDGE_AUTH_ERROR: 3, 13, 80860009
2024-10-06T09:18:34.559Z P:10588 T:8404] SyncServiceImpl::CredentialsChanged,Credentials changed for: EdgeSyncScopeNew
2024-10-06T09:18:34.559Z P:10588 T:8404] SyncServiceImpl::ResetEngine,Reset engine with reason: 6
2024-10-06T09:18:34.560Z P:10588 T:8404] ModelLoadManager::Stop,Stopped: Bookmarks
2024-10-06T09:18:34.560Z P:10588 T:8404] ModelLoadManager::Stop,Stopped: Preferences
2024-10-06T09:18:34.560Z P:10588 T:8404] ModelLoadManager::Stop,Stopped: Passwords
2024-10-06T09:18:34.560Z P:10588 T:8404] ModelLoadManager::Stop,Stopped: Autofill Profiles
2024-10-06T09:18:34.560Z P:10588 T:8404] ModelLoadManager::Stop,Stopped: Autofill
2024-10-06T09:18:34.560Z P:10588 T:8404] ModelLoadManager::Stop,Stopped: Typed URLs
2024-10-06T09:18:34.560Z P:10588 T:8404] ModelLoadManager::Stop,Stopped: Extensions
2024-10-06T09:18:34.560Z P:10588 T:8404] ModelLoadManager::Stop,Stopped: Sessions
2024-10-06T09:18:34.560Z P:10588 T:8404] ModelLoadManager::Stop,Stopped: Extension settings
2024-10-06T09:18:34.560Z P:10588 T:8404] ModelLoadManager::Stop,Stopped: History Delete Directives
2024-10-06T09:18:34.560Z P:10588 T:8404] ModelLoadManager::Stop,Stopped: Device Info
2024-10-06T09:18:34.560Z P:10588 T:8404] ModelLoadManager::Stop,Stopped: User Consents
2024-10-06T09:18:34.560Z P:10588 T:8404] ModelLoadManager::Stop,Stopped: Send Tab To Self
2024-10-06T09:18:34.560Z P:10588 T:8404] ModelLoadManager::Stop,Stopped: Web Apps
2024-10-06T09:18:34.560Z P:10588 T:8404] ModelLoadManager::Stop,Stopped: History
2024-10-06T09:18:34.560Z P:10588 T:8404] ModelLoadManager::Stop,Stopped: Collection
2024-10-06T09:18:34.560Z P:10588 T:8404] ModelLoadManager::Stop,Stopped: Edge E Drop
2024-10-06T09:18:34.560Z P:10588 T:8404] ModelLoadManager::Stop,Stopped: Edge Hub App Usage
2024-10-06T09:18:34.560Z P:10588 T:8404] ModelLoadManager::Stop,Stopped: Edge Tab Group
2024-10-06T09:18:34.560Z P:10588 T:8404] ModelLoadManager::Stop,Stopped: Edge Wallet
2024-10-06T09:18:34.560Z P:10588 T:8404] SyncServiceImpl::ResetEngine,Reset engine with reason: 6
2024-10-06T09:18:34.563Z P:10588 T:8404] SyncAuthManager::SetLastAuthError,Current auth error: PERSISTENT_ERROR, EDGE_AUTH_ERROR: 3, 13, 80860009
2024-10-06T09:18:34.563Z P:10588 T:8404] SyncServiceImpl::CredentialsChangedForKeyData,Credentials changed for: EdgeSyncKeyDataScope
2024-10-06T09:48:35.315Z P:10588 T:8404] SyncAuthManager::SetLastAuthError,Current auth error: None
2024-10-06T09:48:35.316Z P:10588 T:8404] SyncServiceImpl::CredentialsChanged,Credentials changed for: EdgeSyncScopeNew
2024-10-06T09:48:35.333Z P:10588 T:8404] SyncAuthManager::SetLastAuthError,Current auth error: None
2024-10-06T09:48:35.333Z P:10588 T:8404] SyncServiceImpl::CredentialsChangedForKeyData,Credentials changed for: EdgeSyncKeyDataScope
2024-10-06T09:48:35.337Z P:10588 T:8404] SyncAuthManager::EdgeLogTokenErrorState,Token error with: Request canceled. for account type: MSA
2024-10-06T09:48:35.337Z P:10588 T:8404] SyncServiceImpl::CredentialsChangedForKeyData,Credentials changed for: EdgeSyncKeyDataScope
2024-10-06T09:48:35.337Z P:10588 T:8404] SyncAuthManager::EdgeLogTokenErrorState,Token error with: Request canceled. for account type: MSA
2024-10-06T09:48:35.337Z P:10588 T:8404] SyncServiceImpl::CredentialsChanged,Credentials changed for: EdgeSyncScopeNew
2024-10-06T09:48:35.346Z P:10588 T:8404] SyncServiceImpl::TryStartImpl,Try to start sync engine
2024-10-06T09:48:35.374Z P:10588 T:4000] SyncManagerImpl::NudgeForInitialDownload,Initial download nudge for Encryption Keys
2024-10-06T09:48:35.375Z P:10588 T:4000] SyncEngineBackend::LoadAndConnectNigoriController,Load and connect Nigori controller
2024-10-06T09:48:35.375Z P:10588 T:4000] SyncEngineBackend::DoInitialize,Control Types added: Encryption Keys
2024-10-06T09:48:35.375Z P:10588 T:4000] SyncManagerImpl::ConfigureSyncer,Types to download: Encryption Keys with reason: 3
2024-10-06T09:48:35.377Z P:10588 T:4000] SyncSchedulerImpl::DoConfigurationSyncCycleJob,Configure job was blocked
2024-10-06T09:48:35.479Z P:10588 T:8404] SyncAuthManager::SetLastAuthError,Current auth error: PERSISTENT_ERROR, EDGE_AUTH_ERROR: 3, 13, 80860009
2024-10-06T09:48:35.479Z P:10588 T:8404] SyncServiceImpl::CredentialsChanged,Credentials changed for: EdgeSyncScopeNew
2024-10-06T09:48:35.479Z P:10588 T:8404] SyncServiceImpl::ResetEngine,Reset engine with reason: 6
2024-10-06T09:48:35.480Z P:10588 T:8404] ModelLoadManager::Stop,Stopped: Bookmarks
2024-10-06T09:48:35.480Z P:10588 T:8404] ModelLoadManager::Stop,Stopped: Preferences
2024-10-06T09:48:35.480Z P:10588 T:8404] ModelLoadManager::Stop,Stopped: Passwords
2024-10-06T09:48:35.480Z P:10588 T:8404] ModelLoadManager::Stop,Stopped: Autofill Profiles
2024-10-06T09:48:35.480Z P:10588 T:8404] ModelLoadManager::Stop,Stopped: Autofill
2024-10-06T09:48:35.480Z P:10588 T:8404] ModelLoadManager::Stop,Stopped: Typed URLs
2024-10-06T09:48:35.480Z P:10588 T:8404] ModelLoadManager::Stop,Stopped: Extensions
2024-10-06T09:48:35.480Z P:10588 T:8404] ModelLoadManager::Stop,Stopped: Sessions
2024-10-06T09:48:35.480Z P:10588 T:8404] ModelLoadManager::Stop,Stopped: Extension settings
2024-10-06T09:48:35.480Z P:10588 T:8404] ModelLoadManager::Stop,Stopped: History Delete Directives
2024-10-06T09:48:35.480Z P:10588 T:8404] ModelLoadManager::Stop,Stopped: Device Info
2024-10-06T09:48:35.480Z P:10588 T:8404] ModelLoadManager::Stop,Stopped: User Consents
2024-10-06T09:48:35.480Z P:10588 T:8404] ModelLoadManager::Stop,Stopped: Send Tab To Self
2024-10-06T09:48:35.480Z P:10588 T:8404] ModelLoadManager::Stop,Stopped: Web Apps
2024-10-06T09:48:35.480Z P:10588 T:8404] ModelLoadManager::Stop,Stopped: History
2024-10-06T09:48:35.480Z P:10588 T:8404] ModelLoadManager::Stop,Stopped: Collection
2024-10-06T09:48:35.480Z P:10588 T:8404] ModelLoadManager::Stop,Stopped: Edge E Drop
2024-10-06T09:48:35.480Z P:10588 T:8404] ModelLoadManager::Stop,Stopped: Edge Hub App Usage
2024-10-06T09:48:35.480Z P:10588 T:8404] ModelLoadManager::Stop,Stopped: Edge Tab Group
2024-10-06T09:48:35.480Z P:10588 T:8404] ModelLoadManager::Stop,Stopped: Edge Wallet
2024-10-06T09:48:35.480Z P:10588 T:8404] SyncServiceImpl::ResetEngine,Reset engine with reason: 6
2024-10-06T09:48:35.481Z P:10588 T:8404] SyncAuthManager::SetLastAuthError,Current auth error: PERSISTENT_ERROR, EDGE_AUTH_ERROR: 3, 13, 80860009
2024-10-06T09:48:35.481Z P:10588 T:8404] SyncServiceImpl::CredentialsChangedForKeyData,Credentials changed for: EdgeSyncKeyDataScope
2024-10-06T10:18:36.727Z P:10588 T:8404] SyncAuthManager::SetLastAuthError,Current auth error: None
2024-10-06T10:18:36.728Z P:10588 T:8404] SyncServiceImpl::CredentialsChanged,Credentials changed for: EdgeSyncScopeNew
2024-10-06T10:18:36.747Z P:10588 T:8404] SyncAuthManager::SetLastAuthError,Current auth error: None
2024-10-06T10:18:36.747Z P:10588 T:8404] SyncServiceImpl::CredentialsChangedForKeyData,Credentials changed for: EdgeSyncKeyDataScope
2024-10-06T10:18:36.752Z P:10588 T:8404] SyncAuthManager::EdgeLogTokenErrorState,Token error with: Request canceled. for account type: MSA
2024-10-06T10:18:36.752Z P:10588 T:8404] SyncServiceImpl::CredentialsChangedForKeyData,Credentials changed for: EdgeSyncKeyDataScope
2024-10-06T10:18:36.752Z P:10588 T:8404] SyncAuthManager::EdgeLogTokenErrorState,Token error with: Request canceled. for account type: MSA
2024-10-06T10:18:36.753Z P:10588 T:8404] SyncServiceImpl::CredentialsChanged,Credentials changed for: EdgeSyncScopeNew
2024-10-06T10:18:36.769Z P:10588 T:8404] SyncServiceImpl::TryStartImpl,Try to start sync engine
2024-10-06T10:18:36.787Z P:10588 T:4000] SyncManagerImpl::NudgeForInitialDownload,Initial download nudge for Encryption Keys
2024-10-06T10:18:36.787Z P:10588 T:4000] SyncEngineBackend::LoadAndConnectNigoriController,Load and connect Nigori controller
2024-10-06T10:18:36.787Z P:10588 T:4000] SyncEngineBackend::DoInitialize,Control Types added: Encryption Keys
2024-10-06T10:18:36.787Z P:10588 T:4000] SyncManagerImpl::ConfigureSyncer,Types to download: Encryption Keys with reason: 3
2024-10-06T10:18:36.788Z P:10588 T:4000] SyncSchedulerImpl::DoConfigurationSyncCycleJob,Configure job was blocked
2024-10-06T10:18:36.896Z P:10588 T:8404] SyncAuthManager::SetLastAuthError,Current auth error: PERSISTENT_ERROR, EDGE_AUTH_ERROR: 3, 13, 80860009
2024-10-06T10:18:36.896Z P:10588 T:8404] SyncServiceImpl::CredentialsChanged,Credentials changed for: EdgeSyncScopeNew
2024-10-06T10:18:36.896Z P:10588 T:8404] SyncServiceImpl::ResetEngine,Reset engine with reason: 6
2024-10-06T10:18:36.897Z P:10588 T:8404] ModelLoadManager::Stop,Stopped: Bookmarks
2024-10-06T10:18:36.897Z P:10588 T:8404] ModelLoadManager::Stop,Stopped: Preferences
2024-10-06T10:18:36.897Z P:10588 T:8404] ModelLoadManager::Stop,Stopped: Passwords
2024-10-06T10:18:36.897Z P:10588 T:8404] ModelLoadManager::Stop,Stopped: Autofill Profiles
2024-10-06T10:18:36.897Z P:10588 T:8404] ModelLoadManager::Stop,Stopped: Autofill
2024-10-06T10:18:36.897Z P:10588 T:8404] ModelLoadManager::Stop,Stopped: Typed URLs
2024-10-06T10:18:36.897Z P:10588 T:8404] ModelLoadManager::Stop,Stopped: Extensions
2024-10-06T10:18:36.897Z P:10588 T:8404] ModelLoadManager::Stop,Stopped: Sessions
2024-10-06T10:18:36.897Z P:10588 T:8404] ModelLoadManager::Stop,Stopped: Extension settings
2024-10-06T10:18:36.897Z P:10588 T:8404] ModelLoadManager::Stop,Stopped: History Delete Directives
2024-10-06T10:18:36.897Z P:10588 T:8404] ModelLoadManager::Stop,Stopped: Device Info
2024-10-06T10:18:36.897Z P:10588 T:8404] ModelLoadManager::Stop,Stopped: User Consents
2024-10-06T10:18:36.897Z P:10588 T:8404] ModelLoadManager::Stop,Stopped: Send Tab To Self
2024-10-06T10:18:36.897Z P:10588 T:8404] ModelLoadManager::Stop,Stopped: Web Apps
2024-10-06T10:18:36.897Z P:10588 T:8404] ModelLoadManager::Stop,Stopped: History
2024-10-06T10:18:36.897Z P:10588 T:8404] ModelLoadManager::Stop,Stopped: Collection
2024-10-06T10:18:36.897Z P:10588 T:8404] ModelLoadManager::Stop,Stopped: Edge E Drop
2024-10-06T10:18:36.897Z P:10588 T:8404] ModelLoadManager::Stop,Stopped: Edge Hub App Usage
2024-10-06T10:18:36.897Z P:10588 T:8404] ModelLoadManager::Stop,Stopped: Edge Tab Group
2024-10-06T10:18:36.897Z P:10588 T:8404] ModelLoadManager::Stop,Stopped: Edge Wallet
2024-10-06T10:18:36.897Z P:10588 T:8404] SyncServiceImpl::ResetEngine,Reset engine with reason: 6
2024-10-06T10:18:36.900Z P:10588 T:8404] SyncAuthManager::SetLastAuthError,Current auth error: PERSISTENT_ERROR, EDGE_AUTH_ERROR: 3, 13, 80860009
2024-10-06T10:18:36.900Z P:10588 T:8404] SyncServiceImpl::CredentialsChangedForKeyData,Credentials changed for: EdgeSyncKeyDataScope
2024-10-06T10:28:52.518Z P:10588 T:8404] SyncServiceImpl::ResetEngine,Reset engine with reason: 0
